[2026-04-11T15:44:42.613Z] 🌟 Starting new streak! Day 1
[2026-04-11T15:44:42.614Z] 🏆 NEW RECORD! Longest streak: 1 days
[2026-04-11T15:44:42.616Z] 
✨ Successfully committed!
[2026-04-11T15:44:42.617Z] 📝 Commit message: Day 1 of my streak!
[2026-04-11T15:44:42.618Z] 📊 Current streak: 1 days
[2026-04-11T15:44:42.619Z] 🏆 Longest streak: 1 days
[2026-04-11T15:44:42.620Z] 📈 Total commits: 1
[2026-04-11T15:44:45.444Z] ⚠️ Failed to push. Set up remote with: git remote add origin <url>
[2026-04-11T15:48:13.804Z] ✅ Already committed today! Streak continues...
[2026-04-11T15:48:13.805Z] 
✨ Successfully committed!
[2026-04-11T15:48:13.806Z] 📝 Commit message: Your commit message
[2026-04-11T15:48:13.807Z] 📊 Current streak: 1 days
[2026-04-11T15:48:13.808Z] 🏆 Longest streak: 1 days
[2026-04-11T15:48:13.808Z] 📈 Total commits: 1
[2026-04-11T15:48:30.107Z] ✅ Pushed to remote successfully!
[2026-04-11T15:50:15.429Z] ✅ Already committed today! Streak continues...
[2026-04-11T15:50:15.429Z] 
✨ Successfully committed!
[2026-04-11T15:50:15.431Z] 📝 Commit message: Testing main branch setup
[2026-04-11T15:50:15.431Z] 📊 Current streak: 1 days
[2026-04-11T15:50:15.432Z] 🏆 Longest streak: 1 days
[2026-04-11T15:50:15.433Z] 📈 Total commits: 1
[2026-04-11T15:50:24.740Z] ✅ Pushed to remote successfully!
[2026-04-11T15:51:56.961Z] ✅ Already committed today! Streak continues...
[2026-04-11T15:51:56.962Z] 
✨ Successfully committed!
[2026-04-11T15:51:56.962Z] 📝 Commit message: What I worked on today
[2026-04-11T15:51:56.963Z] 📊 Current streak: 1 days
[2026-04-11T15:51:56.964Z] 🏆 Longest streak: 1 days
[2026-04-11T15:51:56.964Z] 📈 Total commits: 1
[2026-04-11T15:52:05.109Z] ✅ Pushed to remote successfully!
